<?xml version="1.0" encoding="UTF-8"?>
<testsuite name="PeekIteratorTests" tests="1" skipped="0" failures="0" errors="0" timestamp="2020-05-09T02:57:59" hostname="LAPTOP-FGMQGEKU" time="0.025">
  <properties/>
  <testcase name="test_endToken()" classname="PeekIteratorTests" time="0.025"/>
  <system-out><![CDATA[]]></system-out>
  <system-err><![CDATA[]]></system-err>
</testsuite>
